  Вопрос 5.c.cpp
D:\проекты visual studio 2022\практики RadioProg\8.x\Вопрос 5.c\Вопрос 5.c.cpp(7,11): warning C4244: return: преобразование "U" в "T", возможна потеря данных
D:\проекты visual studio 2022\практики RadioProg\8.x\Вопрос 5.c\Вопрос 5.c.cpp(7,11): warning C4244:         with
D:\проекты visual studio 2022\практики RadioProg\8.x\Вопрос 5.c\Вопрос 5.c.cpp(7,11): warning C4244:         [
D:\проекты visual studio 2022\практики RadioProg\8.x\Вопрос 5.c\Вопрос 5.c.cpp(7,11): warning C4244:             U=double
D:\проекты visual studio 2022\практики RadioProg\8.x\Вопрос 5.c\Вопрос 5.c.cpp(7,11): warning C4244:         ]
D:\проекты visual studio 2022\практики RadioProg\8.x\Вопрос 5.c\Вопрос 5.c.cpp(7,11): warning C4244:         and
D:\проекты visual studio 2022\практики RadioProg\8.x\Вопрос 5.c\Вопрос 5.c.cpp(7,11): warning C4244:         [
D:\проекты visual studio 2022\практики RadioProg\8.x\Вопрос 5.c\Вопрос 5.c.cpp(7,11): warning C4244:             T=int
D:\проекты visual studio 2022\практики RadioProg\8.x\Вопрос 5.c\Вопрос 5.c.cpp(7,11): warning C4244:         ]
  D:\проекты visual studio 2022\практики RadioProg\8.x\Вопрос 5.c\Вопрос 5.c.cpp(7,11):
  контекст создания экземпляра шаблона (сначала самый старый)
  	D:\проекты visual studio 2022\практики RadioProg\8.x\Вопрос 5.c\Вопрос 5.c.cpp(14,10):
  	выполняется компиляция ссылки на экземпляр шаблон функции "T sub<int,double>(T,U)"
          with
          [
              T=int,
              U=double
          ]
  
  Вопрос 5.c.vcxproj -> D:\проекты visual studio 2022\практики RadioProg\8.x\x64\Debug\Вопрос 5.c.exe
