  Вопрос_2.cpp
D:\проекты visual studio 2022\_19.x\Вопрос_2\Вопрос_2.cpp(17,32): error C2440: return: невозможно преобразовать "const V" в "V &"
D:\проекты visual studio 2022\_19.x\Вопрос_2\Вопрос_2.cpp(17,32): error C2440:         with
D:\проекты visual studio 2022\_19.x\Вопрос_2\Вопрос_2.cpp(17,32): error C2440:         [
D:\проекты visual studio 2022\_19.x\Вопрос_2\Вопрос_2.cpp(17,32): error C2440:             V=int
D:\проекты visual studio 2022\_19.x\Вопрос_2\Вопрос_2.cpp(17,32): error C2440:         ]
  D:\проекты visual studio 2022\_19.x\Вопрос_2\Вопрос_2.cpp(17,32):
  В результате преобразования теряются квалификаторы
  D:\проекты visual studio 2022\_19.x\Вопрос_2\Вопрос_2.cpp(17,32):
  контекст создания экземпляра шаблона (сначала самый старый)
  	D:\проекты visual studio 2022\_19.x\Вопрос_2\Вопрос_2.cpp(24,29):
  	выполняется компиляция ссылки на экземпляр класс шаблон функции "Pair<double,int>"
  	D:\проекты visual studio 2022\_19.x\Вопрос_2\Вопрос_2.cpp(17,8):
  	во время компиляции функции-члена класс шаблон "V &Pair<double,V>::second(void) const"
          with
          [
              V=int
          ]
  		D:\проекты visual studio 2022\_19.x\Вопрос_2\Вопрос_2.cpp(25,58):
  		см. первую ссылку на "Pair<double,int>::second" в "main"
  
